<?xml version="1.0" encoding="utf-8" standalone="no"?>
<!--This file represents the results of running a test suite-->
<test-results name="D:\Repository\Demo_Project_1\ctchefserver\ChefDemo\ChefDemo.Tests\bin\ChefDemo.Tests.dll" total="2" errors="0" failures="0" not-run="0" inconclusive="0" ignored="0" skipped="0" invalid="0" date="2017-04-28" time="18:44:07">
  <environment nunit-version="2.6.3.13283" clr-version="2.0.50727.8745" os-version="Microsoft Windows NT 6.2.9200.0" platform="Win32NT" cwd="D:\Repository\Demo_Project_1\ctchefserver\ChefDemo\build" machine-name="NVINETWIN10-MSD" user="emile" user-domain="MUMBAI1" />
  <culture-info current-culture="en-US" current-uiculture="en-US" />
  <test-suite type="Assembly" name="D:\Repository\Demo_Project_1\ctchefserver\ChefDemo\ChefDemo.Tests\bin\ChefDemo.Tests.dll" executed="True" result="Success" success="True" time="0.544" asserts="0">
    <results>
      <test-suite type="Namespace" name="ChefDemo" executed="True" result="Success" success="True" time="0.536" asserts="0">
        <results>
          <test-suite type="Namespace" name="Tests" executed="True" result="Success" success="True" time="0.536" asserts="0">
            <results>
              <test-suite type="Namespace" name="Controller" executed="True" result="Success" success="True" time="0.527" asserts="0">
                <results>
                  <test-suite type="TestFixture" name="IndexControllerFixture" executed="True" result="Success" success="True" time="0.526" asserts="0">
                    <results>
                      <test-case name="ChefDemo.Tests.Controller.IndexControllerFixture.VerifyIndexAction" executed="True" result="Success" success="True" time="0.520" asserts="0" />
                    </results>
                  </test-suite>
                </results>
              </test-suite>
              <test-suite type="Namespace" name="Service" executed="True" result="Success" success="True" time="0.002" asserts="0">
                <results>
                  <test-suite type="TestFixture" name="IndexFixture" executed="True" result="Success" success="True" time="0.001" asserts="0">
                    <results>
                      <test-case name="ChefDemo.Tests.Service.IndexFixture.VerifyGet" executed="True" result="Success" success="True" time="0.000" asserts="0" />
                    </results>
                  </test-suite>
                </results>
              </test-suite>
            </results>
          </test-suite>
        </results>
      </test-suite>
    </results>
  </test-suite>
</test-results>